<?xml version="1.0" encoding="UTF-8"?>
<!-- Generated by org.testng.reporters.JUnitXMLReporter -->
<testsuite hostname="srinu-PC" ignored="0" name="JiraBugCreateTest" tests="1" failures="1" timestamp="15 Aug 2019 16:15:28 GMT" time="8.452" errors="0">
  <testcase name="loginTest" time="6.347" classname="Learn.JiraIntegrationWithSelenium.JaraBugRaiseTest">
    <failure type="java.lang.AssertionError" message="expected [OrangeHRM123] but found [OrangeHRM]">
      <![CDATA[java.lang.AssertionError: expected [OrangeHRM123] but found [OrangeHRM]
at Learn.JiraIntegrationWithSelenium.JaraBugRaiseTest.loginTest(JaraBugRaiseTest.java:44)
... Removed 31 stack frames]]>
    </failure>
  </testcase> <!-- loginTest -->
</testsuite> <!-- JiraBugCreateTest -->
